build/app/intermediates/manifest_merge_blame_file/release/manifest-merger-blame-release-report.txt
1<?xml version="1.0" encoding="utf-8"?>
2<manifest xmlns:android="http://schemas.android.com/apk/res/android"
3    package="uk.hold.hold"
4    android:versionCode="1"
5    android:versionName="1.0.0" >
6
7    <uses-sdk
8        android:minSdkVersion="26"
8-->src/main/AndroidManifest.xml
9        android:targetSdkVersion="28" />
9-->src/main/AndroidManifest.xml
10
11    <uses-permission android:name="android.permission.RECORD_AUDIO" />
11-->src/main/AndroidManifest.xml:4:5-71
11-->src/main/AndroidManifest.xml:4:22-68
12    <uses-permission android:name="android.permission.RECEIVE_BOOT_COMPLETED" />
12-->src/main/AndroidManifest.xml:5:5-80
12-->src/main/AndroidManifest.xml:5:22-78
13    <uses-permission android:name="android.permission.INTERNET" />
13-->src/main/AndroidManifest.xml:6:5-67
13-->src/main/AndroidManifest.xml:6:22-64
14    <uses-permission android:name="android.permission.ACCESS_NETWORK_STATE" />
14-->[:native_mixpanel] AndroidManifest.xml:8:5-79
14-->[:native_mixpanel] AndroidManifest.xml:8:22-76
15    <uses-permission android:name="android.permission.BLUETOOTH" />
15-->[:native_mixpanel] AndroidManifest.xml:9:5-68
15-->[:native_mixpanel] AndroidManifest.xml:9:22-65
16    <uses-permission android:name="android.permission.READ_EXTERNAL_STORAGE" />
16-->[:file_picker] AndroidManifest.xml:7:5-80
16-->[:file_picker] AndroidManifest.xml:7:22-77
17    <uses-permission android:name="android.permission.WAKE_LOCK" /> <!-- Required by older versions of Google Play services to create IID tokens -->
17-->[com.google.firebase:firebase-iid:17.0.4] AndroidManifest.xml:24:5-68
17-->[com.google.firebase:firebase-iid:17.0.4] AndroidManifest.xml:24:22-65
18    <uses-permission android:name="com.google.android.c2dm.permission.RECEIVE" />
18-->[com.google.firebase:firebase-iid:17.0.4] AndroidManifest.xml:26:5-82
18-->[com.google.firebase:firebase-iid:17.0.4] AndroidManifest.xml:26:22-79
19    <!--
20 io.flutter.app.FlutterApplication is an android.app.Application that
21         calls FlutterMain.startInitialization(this); in its onCreate method.
22         In most cases you can leave this as-is, but you if you want to provide
23         additional functionality it is fine to subclass or reimplement
24         FlutterApplication and put your custom class here.
25    -->
26    <application
26-->src/main/AndroidManifest.xml:12:5-42:19
27        android:name="io.flutter.app.FlutterApplication"
27-->src/main/AndroidManifest.xml:13:9-57
28        android:appComponentFactory="androidx.core.app.CoreComponentFactory"
28-->[androidx.core:core:1.1.0] AndroidManifest.xml:24:18-86
29        android:icon="@mipmap/ic_launcher"
29-->src/main/AndroidManifest.xml:16:9-43
30        android:label="hold"
30-->src/main/AndroidManifest.xml:14:9-29
31        android:usesCleartextTraffic="true" >
31-->src/main/AndroidManifest.xml:15:9-44
32        <activity
32-->src/main/AndroidManifest.xml:17:9-35:20
33            android:name="uk.hold.hold.MainActivity"
33-->src/main/AndroidManifest.xml:18:13-41
34            android:configChanges="orientation|keyboardHidden|keyboard|screenSize|locale|layoutDirection|fontScale|screenLayout|density|uiMode"
34-->src/main/AndroidManifest.xml:21:13-144
35            android:hardwareAccelerated="true"
35-->src/main/AndroidManifest.xml:22:13-47
36            android:launchMode="singleTop"
36-->src/main/AndroidManifest.xml:19:13-43
37            android:theme="@style/LaunchTheme"
37-->src/main/AndroidManifest.xml:20:13-47
38            android:windowSoftInputMode="adjustResize" >
38-->src/main/AndroidManifest.xml:23:13-55
39
40            <!--
41                 This keeps the window background of the activity showing
42                 until Flutter renders its first frame. It can be removed if
43                 there is no splash screen (such as the default splash screen
44                 defined in @style/LaunchTheme).
45            -->
46            <meta-data
46-->src/main/AndroidManifest.xml:28:13-30:40
47                android:name="io.flutter.app.android.SplashScreenUntilFirstFrame"
47-->src/main/AndroidManifest.xml:29:17-82
48                android:value="true" />
48-->src/main/AndroidManifest.xml:30:17-37
49
50            <intent-filter>
50-->src/main/AndroidManifest.xml:31:13-34:29
51                <action android:name="android.intent.action.MAIN" />
51-->src/main/AndroidManifest.xml:32:17-68
51-->src/main/AndroidManifest.xml:32:25-66
52
53                <category android:name="android.intent.category.LAUNCHER" />
53-->src/main/AndroidManifest.xml:33:17-76
53-->src/main/AndroidManifest.xml:33:27-74
54            </intent-filter>
55        </activity>
56
57        <receiver android:name="com.dexterous.flutterlocalnotifications.ScheduledNotificationBootReceiver" >
57-->src/main/AndroidManifest.xml:36:9-40:20
57-->src/main/AndroidManifest.xml:36:19-107
58            <intent-filter>
58-->src/main/AndroidManifest.xml:37:13-39:29
59                <action android:name="android.intent.action.BOOT_COMPLETED" />
59-->src/main/AndroidManifest.xml:38:17-86
59-->src/main/AndroidManifest.xml:38:25-76
60            </intent-filter>
61        </receiver>
62        <receiver android:name="com.dexterous.flutterlocalnotifications.ScheduledNotificationReceiver" />
62-->src/main/AndroidManifest.xml:41:9-106
62-->src/main/AndroidManifest.xml:41:19-103
63
64        <activity
64-->[:url_launcher] AndroidManifest.xml:8:9-11:74
65            android:name="io.flutter.plugins.urllauncher.WebViewActivity"
65-->[:url_launcher] AndroidManifest.xml:9:13-74
66            android:exported="false"
66-->[:url_launcher] AndroidManifest.xml:10:13-37
67            android:theme="@android:style/Theme.NoTitleBar.Fullscreen" />
67-->[:url_launcher] AndroidManifest.xml:11:13-71
68
69        <provider
69-->[:esys_flutter_share] AndroidManifest.xml:8:9-16:20
70            android:name="de.esys.esysfluttershare.EsysFlutterShareFileProvider"
70-->[:esys_flutter_share] AndroidManifest.xml:9:13-81
71            android:authorities="uk.hold.hold.fileprovider.github.com/orgs/esysberlin/esys-flutter-share"
71-->[:esys_flutter_share] AndroidManifest.xml:10:13-110
72            android:exported="false"
72-->[:esys_flutter_share] AndroidManifest.xml:11:13-37
73            android:grantUriPermissions="true" >
73-->[:esys_flutter_share] AndroidManifest.xml:12:13-47
74            <meta-data
74-->[:esys_flutter_share] AndroidManifest.xml:13:13-15:72
75                android:name="android.support.FILE_PROVIDER_PATHS"
75-->[:esys_flutter_share] AndroidManifest.xml:14:17-67
76                android:resource="@xml/esys_flutter_share_filepaths" />
76-->[:esys_flutter_share] AndroidManifest.xml:15:17-69
77        </provider>
78        <!--
79             FirebaseMessagingService performs security checks at runtime,
80             no need for explicit permissions despite exported="true"
81        -->
82        <service
82-->[com.google.firebase:firebase-messaging:17.3.4] AndroidManifest.xml:28:9-34:19
83            android:name="com.google.firebase.messaging.FirebaseMessagingService"
83-->[com.google.firebase:firebase-messaging:17.3.4] AndroidManifest.xml:29:13-82
84            android:exported="true" >
84-->[com.google.firebase:firebase-messaging:17.3.4] AndroidManifest.xml:30:13-36
85            <intent-filter android:priority="-500" >
85-->[com.google.firebase:firebase-messaging:17.3.4] AndroidManifest.xml:31:13-33:29
85-->[com.google.firebase:firebase-messaging:17.3.4] AndroidManifest.xml:31:28-51
86                <action android:name="com.google.firebase.MESSAGING_EVENT" />
86-->[com.google.firebase:firebase-messaging:17.3.4] AndroidManifest.xml:32:17-78
86-->[com.google.firebase:firebase-messaging:17.3.4] AndroidManifest.xml:32:25-75
87            </intent-filter>
88        </service>
89        <service
89-->[com.google.firebase:firebase-iid:17.0.4] AndroidManifest.xml:29:9-35:19
90            android:name="com.google.firebase.components.ComponentDiscoveryService"
90-->[com.google.firebase:firebase-iid:17.0.4] AndroidManifest.xml:30:13-84
91            android:exported="false" >
91-->[com.google.firebase:firebase-iid:17.0.4] AndroidManifest.xml:31:13-37
92            <meta-data
92-->[com.google.firebase:firebase-iid:17.0.4] AndroidManifest.xml:32:13-34:85
93                android:name="com.google.firebase.components:com.google.firebase.iid.Registrar"
93-->[com.google.firebase:firebase-iid:17.0.4] AndroidManifest.xml:33:17-96
94                android:value="com.google.firebase.components.ComponentRegistrar" />
94-->[com.google.firebase:firebase-iid:17.0.4] AndroidManifest.xml:34:17-82
95        </service>
96
97        <receiver
97-->[com.google.firebase:firebase-iid:17.0.4] AndroidManifest.xml:37:9-44:20
98            android:name="com.google.firebase.iid.FirebaseInstanceIdReceiver"
98-->[com.google.firebase:firebase-iid:17.0.4] AndroidManifest.xml:38:13-78
99            android:exported="true"
99-->[com.google.firebase:firebase-iid:17.0.4] AndroidManifest.xml:39:13-36
100            android:permission="com.google.android.c2dm.permission.SEND" >
100-->[com.google.firebase:firebase-iid:17.0.4] AndroidManifest.xml:40:13-73
101            <intent-filter>
101-->[com.google.firebase:firebase-iid:17.0.4] AndroidManifest.xml:41:13-43:29
102                <action android:name="com.google.android.c2dm.intent.RECEIVE" />
102-->[com.google.firebase:firebase-iid:17.0.4] AndroidManifest.xml:42:17-81
102-->[com.google.firebase:firebase-iid:17.0.4] AndroidManifest.xml:42:25-78
103            </intent-filter>
104        </receiver>
105        <!--
106             FirebaseInstanceIdService performs security checks at runtime,
107             no need for explicit permissions despite exported="true"
108        -->
109        <service
109-->[com.google.firebase:firebase-iid:17.0.4] AndroidManifest.xml:50:9-56:19
110            android:name="com.google.firebase.iid.FirebaseInstanceIdService"
110-->[com.google.firebase:firebase-iid:17.0.4] AndroidManifest.xml:51:13-77
111            android:exported="true" >
111-->[com.google.firebase:firebase-iid:17.0.4] AndroidManifest.xml:52:13-36
112            <intent-filter android:priority="-500" >
112-->[com.google.firebase:firebase-iid:17.0.4] AndroidManifest.xml:53:13-55:29
112-->[com.google.firebase:firebase-iid:17.0.4] AndroidManifest.xml:53:28-51
113                <action android:name="com.google.firebase.INSTANCE_ID_EVENT" />
113-->[com.google.firebase:firebase-iid:17.0.4] AndroidManifest.xml:54:17-80
113-->[com.google.firebase:firebase-iid:17.0.4] AndroidManifest.xml:54:25-77
114            </intent-filter>
115        </service>
116
117        <provider
117-->[com.google.firebase:firebase-common:16.0.3] AndroidManifest.xml:10:9-14:39
118            android:name="com.google.firebase.provider.FirebaseInitProvider"
118-->[com.google.firebase:firebase-common:16.0.3] AndroidManifest.xml:11:13-77
119            android:authorities="uk.hold.hold.firebaseinitprovider"
119-->[com.google.firebase:firebase-common:16.0.3] AndroidManifest.xml:12:13-72
120            android:exported="false"
120-->[com.google.firebase:firebase-common:16.0.3] AndroidManifest.xml:13:13-37
121            android:initOrder="100" />
121-->[com.google.firebase:firebase-common:16.0.3] AndroidManifest.xml:14:13-36
122
123        <activity
123-->[com.google.android.gms:play-services-base:16.0.1] AndroidManifest.xml:23:9-26:75
124            android:name="com.google.android.gms.common.api.GoogleApiActivity"
124-->[com.google.android.gms:play-services-base:16.0.1] AndroidManifest.xml:24:13-79
125            android:exported="false"
125-->[com.google.android.gms:play-services-base:16.0.1] AndroidManifest.xml:25:13-37
126            android:theme="@android:style/Theme.Translucent.NoTitleBar" />
126-->[com.google.android.gms:play-services-base:16.0.1] AndroidManifest.xml:26:13-72
127
128        <meta-data
128-->[com.google.android.gms:play-services-basement:16.0.1] AndroidManifest.xml:23:9-25:69
129            android:name="com.google.android.gms.version"
129-->[com.google.android.gms:play-services-basement:16.0.1] AndroidManifest.xml:24:13-58
130            android:value="@integer/google_play_services_version" />
130-->[com.google.android.gms:play-services-basement:16.0.1] AndroidManifest.xml:25:13-66
131    </application>
132
133</manifest>